<?xml version="1.0" encoding="UTF-8"?>
<!-- Generated by org.testng.reporters.JUnitReportReporter -->
<testsuite skipped="0" hostname="MYDear-PC" name="com.wolverine.test.regression.TestLoginU13857" tests="1" failures="0" timestamp="27 May 2018 03:32:43 GMT" time="10.713" errors="0">
  <testcase name="testLoginTC184765" time="10.713" classname="com.wolverine.test.regression.TestLoginU13857"/>
</testsuite> <!-- com.wolverine.test.regression.TestLoginU13857 -->
