<?xml version="1.0" encoding="UTF-8"?>
<!-- Generated by org.testng.reporters.JUnitReportReporter -->
<testsuite skipped="0" hostname="MYDear-PC" name="com.wolverine.test.smoke.TestSartPageU13679" tests="1" failures="0" timestamp="26 May 2018 05:19:36 GMT" time="7.289" errors="0">
  <testcase name="testStatPageTC18532" time="7.289" classname="com.wolverine.test.smoke.TestSartPageU13679"/>
</testsuite> <!-- com.wolverine.test.smoke.TestSartPageU13679 -->
